c:\users\인재\desktop\깃헙정리\birdhunter\trunk\nngameframework\nngameframework\debug\vc140.pdb
c:\users\인재\desktop\깃헙정리\birdhunter\trunk\nngameframework\nngameframework\debug\vc140.idb
c:\users\인재\desktop\깃헙정리\birdhunter\trunk\nngameframework\nngameframework\debug\nnplayercharacter.obj
c:\users\인재\desktop\깃헙정리\birdhunter\trunk\nngameframework\nngameframework\debug\nnplayercharacterbottom.obj
c:\users\인재\desktop\깃헙정리\birdhunter\trunk\nngameframework\nngameframework\debug\nnpoint.obj
c:\users\인재\desktop\깃헙정리\birdhunter\trunk\nngameframework\nngameframework\debug\nnpoo.obj
c:\users\인재\desktop\깃헙정리\birdhunter\trunk\nngameframework\nngameframework\debug\nnpoobulletcrasheffect.obj
c:\users\인재\desktop\깃헙정리\birdhunter\trunk\nngameframework\nngameframework\debug\nnscene.obj
c:\users\인재\desktop\깃헙정리\birdhunter\trunk\nngameframework\nngameframework\debug\nnscenedirector.obj
c:\users\인재\desktop\깃헙정리\birdhunter\trunk\nngameframework\nngameframework\debug\nnshotgun.obj
c:\users\인재\desktop\깃헙정리\birdhunter\trunk\nngameframework\nngameframework\debug\nnsize.obj
c:\users\인재\desktop\깃헙정리\birdhunter\trunk\nngameframework\nngameframework\debug\nnsoundmanager.obj
c:\users\인재\desktop\깃헙정리\birdhunter\trunk\nngameframework\nngameframework\debug\nnsprite.obj
c:\users\인재\desktop\깃헙정리\birdhunter\trunk\nngameframework\nngameframework\debug\nnspriteatlas.obj
c:\users\인재\desktop\깃헙정리\birdhunter\trunk\nngameframework\nngameframework\debug\nnspritenode.obj
c:\users\인재\desktop\깃헙정리\birdhunter\trunk\nngameframework\nngameframework\debug\nntexture.obj
c:\users\인재\desktop\깃헙정리\birdhunter\trunk\nngameframework\nngameframework\debug\nnxml.obj
c:\users\인재\desktop\깃헙정리\birdhunter\trunk\nngameframework\nngameframework\debug\spriteatlassample.obj
c:\users\인재\desktop\깃헙정리\birdhunter\trunk\nngameframework\nngameframework\debug\spritesample.obj
c:\users\인재\desktop\깃헙정리\birdhunter\trunk\nngameframework\nngameframework\debug\xmlsample.obj
c:\users\인재\desktop\깃헙정리\birdhunter\trunk\nngameframework\nngameframework\debug\nnapplication.obj
c:\users\인재\desktop\깃헙정리\birdhunter\trunk\nngameframework\nngameframework\debug\nnbird.obj
c:\users\인재\desktop\깃헙정리\birdhunter\trunk\nngameframework\nngameframework\debug\nnbirdbulletcrasheffect.obj
c:\users\인재\desktop\깃헙정리\birdhunter\trunk\nngameframework\nngameframework\debug\nnbirdfactory.obj
c:\users\인재\desktop\깃헙정리\birdhunter\trunk\nngameframework\nngameframework\debug\nnbullet.obj
c:\users\인재\desktop\깃헙정리\birdhunter\trunk\nngameframework\nngameframework\debug\nnbulletmanager.obj
c:\users\인재\desktop\깃헙정리\birdhunter\trunk\nngameframework\nngameframework\debug\nncamera.obj
c:\users\인재\desktop\깃헙정리\birdhunter\trunk\nngameframework\nngameframework\debug\nnd2drenderer.obj
c:\users\인재\desktop\깃헙정리\birdhunter\trunk\nngameframework\nngameframework\debug\nneffect.obj
c:\users\인재\desktop\깃헙정리\birdhunter\trunk\nngameframework\nngameframework\debug\nneffectmanager.obj
c:\users\인재\desktop\깃헙정리\birdhunter\trunk\nngameframework\nngameframework\debug\nnfire.obj
c:\users\인재\desktop\깃헙정리\birdhunter\trunk\nngameframework\nngameframework\debug\nngameover.obj
c:\users\인재\desktop\깃헙정리\birdhunter\trunk\nngameframework\nngameframework\debug\nninputsystem.obj
c:\users\인재\desktop\깃헙정리\birdhunter\trunk\nngameframework\nngameframework\debug\nnitem.obj
c:\users\인재\desktop\깃헙정리\birdhunter\trunk\nngameframework\nngameframework\debug\nnitemmanager.obj
c:\users\인재\desktop\깃헙정리\birdhunter\trunk\nngameframework\nngameframework\debug\nnlabel.obj
c:\users\인재\desktop\깃헙정리\birdhunter\trunk\nngameframework\nngameframework\debug\nnmap.obj
c:\users\인재\desktop\깃헙정리\birdhunter\trunk\nngameframework\nngameframework\debug\nnmapmanager.obj
c:\users\인재\desktop\깃헙정리\birdhunter\trunk\nngameframework\nngameframework\debug\nnobject.obj
c:\users\인재\desktop\깃헙정리\birdhunter\trunk\nngameframework\nngameframework\debug\camerasample.obj
c:\users\인재\desktop\깃헙정리\birdhunter\trunk\nngameframework\nngameframework\debug\action_store.obj
c:\users\인재\desktop\깃헙정리\birdhunter\trunk\nngameframework\nngameframework\debug\htmlutil.obj
c:\users\인재\desktop\깃헙정리\birdhunter\trunk\nngameframework\nngameframework\debug\lex_util.obj
c:\users\인재\desktop\깃헙정리\birdhunter\trunk\nngameframework\nngameframework\debug\node_set.obj
c:\users\인재\desktop\깃헙정리\birdhunter\trunk\nngameframework\nngameframework\debug\tinystr.obj
c:\users\인재\desktop\깃헙정리\birdhunter\trunk\nngameframework\nngameframework\debug\tinyxml.obj
c:\users\인재\desktop\깃헙정리\birdhunter\trunk\nngameframework\nngameframework\debug\tinyxmlerror.obj
c:\users\인재\desktop\깃헙정리\birdhunter\trunk\nngameframework\nngameframework\debug\tinyxmlparser.obj
c:\users\인재\desktop\깃헙정리\birdhunter\trunk\nngameframework\nngameframework\debug\tokenlist.obj
c:\users\인재\desktop\깃헙정리\birdhunter\trunk\nngameframework\nngameframework\debug\xml_util.obj
c:\users\인재\desktop\깃헙정리\birdhunter\trunk\nngameframework\nngameframework\debug\xpath_expression.obj
c:\users\인재\desktop\깃헙정리\birdhunter\trunk\nngameframework\nngameframework\debug\xpath_processor.obj
c:\users\인재\desktop\깃헙정리\birdhunter\trunk\nngameframework\nngameframework\debug\xpath_stack.obj
c:\users\인재\desktop\깃헙정리\birdhunter\trunk\nngameframework\nngameframework\debug\xpath_static.obj
c:\users\인재\desktop\깃헙정리\birdhunter\trunk\nngameframework\nngameframework\debug\xpath_stream.obj
c:\users\인재\desktop\깃헙정리\birdhunter\trunk\nngameframework\nngameframework\debug\xpath_syntax.obj
c:\users\인재\desktop\깃헙정리\birdhunter\trunk\nngameframework\nngameframework\debug\nnanimation.obj
c:\users\인재\desktop\깃헙정리\birdhunter\trunk\nngameframework\nngameframework\debug\nnanimationmanager.obj
c:\users\인재\desktop\깃헙정리\birdhunter\trunk\nngameframework\nngameframework\debug\animationsample.obj
c:\users\인재\desktop\깃헙정리\birdhunter\trunk\nngameframework\nngameframework\debug\birdhunter.tlog\cl.command.1.tlog
c:\users\인재\desktop\깃헙정리\birdhunter\trunk\nngameframework\nngameframework\debug\birdhunter.tlog\cl.read.1.tlog
c:\users\인재\desktop\깃헙정리\birdhunter\trunk\nngameframework\nngameframework\debug\birdhunter.tlog\cl.write.1.tlog
